Using pre-set license
Built from '2020.3/staging' branch; Version is '2020.3.26f1 (7298b473bc1a) revision 7510196'; Using compiler version '192528614'; Build Type 'Release'
OS: 'Windows 10  (10.0.19043) 64bit Core' Language: 'en' Physical Memory: 16242 MB
BatchMode: 1, IsHumanControllingUs: 0, StartBugReporterOnCrash: 0, Is64bit: 1, IsPro: 0

COMMAND LINE ARGUMENTS:
C:\Program Files\Unity\Hub\Editor\2020.3.26f1\Editor\Unity.exe
-adb2
-batchMode
-noUpm
-name
AssetImportWorker0
-projectPath
D:/Unity/Unity Battle Royale/Unity-Battle-Royale/Battle Royale Group
-logFile
Logs/AssetImportWorker0.log
-srvPort
58582
Successfully changed project path to: D:/Unity/Unity Battle Royale/Unity-Battle-Royale/Battle Royale Group
D:/Unity/Unity Battle Royale/Unity-Battle-Royale/Battle Royale Group
Using Asset Import Pipeline V2.
Refreshing native plugins compatible for Editor in 42.70 ms, found 3 plugins.
Preloading 0 native plugins for Editor in 0.00 ms.
Initialize engine version: 2020.3.26f1 (7298b473bc1a)
[Subsystems] Discovering subsystems at path C:/Program Files/Unity/Hub/Editor/2020.3.26f1/Editor/Data/Resources/UnitySubsystems
[Subsystems] Discovering subsystems at path D:/Unity/Unity Battle Royale/Unity-Battle-Royale/Battle Royale Group/Assets
GfxDevice: creating device client; threaded=0
Direct3D:
    Version:  Direct3D 11.0 [level 11.1]
    Renderer: NVIDIA GeForce GTX 1070 (ID=0x1be1)
    Vendor:   
    VRAM:     8081 MB
    Driver:   30.0.14.7135
Initialize mono
Mono path[0] = 'C:/Program Files/Unity/Hub/Editor/2020.3.26f1/Editor/Data/Managed'
Mono path[1] = 'C:/Program Files/Unity/Hub/Editor/2020.3.26f1/Editor/Data/MonoBleedingEdge/lib/mono/unityjit'
Mono config path = 'C:/Program Files/Unity/Hub/Editor/2020.3.26f1/Editor/Data/MonoBleedingEdge/etc'
Using monoOptions --debugger-agent=transport=dt_socket,embedding=1,server=y,suspend=n,address=127.0.0.1:56636
Begin MonoManager ReloadAssembly
Registering precompiled unity dll's ...
Register platform support module: C:/Program Files/Unity/Hub/Editor/2020.3.26f1/Editor/Data/PlaybackEngines/WebGLSupport/UnityEditor.WebGL.Extensions.dll
Register platform support module: C:/Program Files/Unity/Hub/Editor/2020.3.26f1/Editor/Data/PlaybackEngines/MacStandaloneSupport/UnityEditor.OSXStandalone.Extensions.dll
Register platform support module: C:/Program Files/Unity/Hub/Editor/2020.3.26f1/Editor/Data/PlaybackEngines/WindowsStandaloneSupport/UnityEditor.WindowsStandalone.Extensions.dll
Registered in 0.003384 seconds.
Native extension for WindowsStandalone target not found
Native extension for OSXStandalone target not found
Native extension for WebGL target not found
Refreshing native plugins compatible for Editor in 42.90 ms, found 3 plugins.
Preloading 0 native plugins for Editor in 0.00 ms.
Mono: successfully reloaded assembly
- Completed reload, in  0.580 seconds
Domain Reload Profiling:
	ReloadAssembly (580ms)
		BeginReloadAssembly (57ms)
			ExecutionOrderSort (0ms)
			DisableScriptedObjects (0ms)
			BackupInstance (0ms)
			ReleaseScriptingObjects (0ms)
			CreateAndSetChildDomain (1ms)
		EndReloadAssembly (448ms)
			LoadAssemblies (54ms)
			RebuildTransferFunctionScriptingTraits (0ms)
			SetupTypeCache (150ms)
			ReleaseScriptCaches (0ms)
			RebuildScriptCaches (29ms)
			SetupLoadedEditorAssemblies (168ms)
				LogAssemblyErrors (0ms)
				InitializePlatformSupportModulesInManaged (6ms)
				SetLoadedEditorAssemblies (0ms)
				RefreshPlugins (43ms)
				BeforeProcessingInitializeOnLoad (16ms)
				ProcessInitializeOnLoadAttributes (76ms)
				ProcessInitializeOnLoadMethodAttributes (27ms)
				AfterProcessingInitializeOnLoad (0ms)
				EditorAssembliesLoaded (0ms)
			ExecutionOrderSort2 (0ms)
			AwakeInstancesAfterBackupRestoration (0ms)
Platform modules already initialized, skipping
Registering precompiled user dll's ...
Registered in 0.003341 seconds.
Begin MonoManager ReloadAssembly
Native extension for WindowsStandalone target not found
Native extension for OSXStandalone target not found
Native extension for WebGL target not found
Refreshing native plugins compatible for Editor in 39.59 ms, found 3 plugins.
Preloading 0 native plugins for Editor in 0.00 ms.
Mono: successfully reloaded assembly
- Completed reload, in  1.081 seconds
Domain Reload Profiling:
	ReloadAssembly (1082ms)
		BeginReloadAssembly (140ms)
			ExecutionOrderSort (0ms)
			DisableScriptedObjects (5ms)
			BackupInstance (0ms)
			ReleaseScriptingObjects (0ms)
			CreateAndSetChildDomain (18ms)
		EndReloadAssembly (881ms)
			LoadAssemblies (89ms)
			RebuildTransferFunctionScriptingTraits (0ms)
			SetupTypeCache (301ms)
			ReleaseScriptCaches (0ms)
			RebuildScriptCaches (45ms)
			SetupLoadedEditorAssemblies (332ms)
				LogAssemblyErrors (0ms)
				InitializePlatformSupportModulesInManaged (5ms)
				SetLoadedEditorAssemblies (0ms)
				RefreshPlugins (40ms)
				BeforeProcessingInitializeOnLoad (79ms)
				ProcessInitializeOnLoadAttributes (183ms)
				ProcessInitializeOnLoadMethodAttributes (16ms)
				AfterProcessingInitializeOnLoad (8ms)
				EditorAssembliesLoaded (0ms)
			ExecutionOrderSort2 (0ms)
			AwakeInstancesAfterBackupRestoration (6ms)
Platform modules already initialized, skipping
========================================================================
Worker process is ready to serve import requests
Launched and connected shader compiler UnityShaderCompiler.exe after 0.05 seconds
Refreshing native plugins compatible for Editor in 0.44 ms, found 3 plugins.
Preloading 0 native plugins for Editor in 0.00 ms.
Unloading 2206 Unused Serialized files (Serialized files now loaded: 0)
System memory in use before: 96.1 MB.
System memory in use after: 96.2 MB.

Unloading 28 unused Assets to reduce memory usage. Loaded Objects now: 2640.
Total: 3.029700 ms (FindLiveObjects: 0.166400 ms CreateObjectMapping: 0.085300 ms MarkObjects: 2.706600 ms  DeleteObjects: 0.070200 ms)

AssetImportParameters requested are different than current active one (requested -> active):
  custom:framework-win-MediaFoundation: 216162199b28c13a410421893ffa2e32 -> 
  custom:video-decoder-ogg-theora: a1e56fd34408186e4bbccfd4996cb3dc -> 
  custom:container-muxer-webm: aa71ff27fc2769a1b78a27578f13a17b -> 
  custom:container-demuxer-webm: 4f35f7cbe854078d1ac9338744f61a02 -> 
  custom:container-demuxer-ogg: 62fdf1f143b41e24485cea50d1cbac27 -> 
  custom:video-encoder-webm-vp8: eb34c28f22e8b96e1ab97ce403110664 -> 
  custom:video-decoder-webm-vp8: 9c59270c3fd7afecdb556c50c9e8de78 -> 
  custom:audio-decoder-ogg-vorbis: bf7c407c2cedff20999df2af8eb42d56 -> 
  custom:audio-encoder-webm-vorbis: bf7c407c2cedff20999df2af8eb42d56 -> 
========================================================================
Received Import Request.
  path: Assets/Assets/Sprites/UI
  artifactKey: Guid(8c8648f53a05c6c49b746d6bc27ff031) Importer(815301076,1909f56bfc062723c751e8b465ee728b)
Start importing Assets/Assets/Sprites/UI using Guid(8c8648f53a05c6c49b746d6bc27ff031) Importer(815301076,1909f56bfc062723c751e8b465ee728b)  -> (artifact id: '1cca0d21fac79794b516c2f05b28e296') in 0.005265 seconds 
  Import took 0.056788 seconds .

========================================================================
Received Import Request.
  Time since last request: 134.477494 seconds.
  path: Assets/Assets/Sprites/UI/UI_Health Bar.png
  artifactKey: Guid(749fd977e3a35dd498c8efa91a6d5d95) Importer(815301076,1909f56bfc062723c751e8b465ee728b)
Start importing Assets/Assets/Sprites/UI/UI_Health Bar.png using Guid(749fd977e3a35dd498c8efa91a6d5d95) Importer(815301076,1909f56bfc062723c751e8b465ee728b)  -> (artifact id: '3b08af068d74aee5f888ac4071ca41e1') in 0.097139 seconds 
  Import took 0.116889 seconds .

========================================================================
Received Import Request.
  Time since last request: 0.000443 seconds.
  path: Assets/Assets/Sprites/UI/UI_Health Border.png
  artifactKey: Guid(078620d1d70a8b741838f87b78effdf7) Importer(815301076,1909f56bfc062723c751e8b465ee728b)
Start importing Assets/Assets/Sprites/UI/UI_Health Border.png using Guid(078620d1d70a8b741838f87b78effdf7) Importer(815301076,1909f56bfc062723c751e8b465ee728b)  -> (artifact id: 'b84790a31033446b24fe2817ca4ba9d6') in 0.014818 seconds 
  Import took 0.017753 seconds .

========================================================================
Received Import Request.
  Time since last request: 0.000438 seconds.
  path: Assets/Assets/Sprites/UI/UI_Lives Bar.png
  artifactKey: Guid(8df81483a0704d541bcdd52a4d2bd52f) Importer(815301076,1909f56bfc062723c751e8b465ee728b)
Start importing Assets/Assets/Sprites/UI/UI_Lives Bar.png using Guid(8df81483a0704d541bcdd52a4d2bd52f) Importer(815301076,1909f56bfc062723c751e8b465ee728b)  -> (artifact id: '51167240c02383edbb81f9a01cdd7cc1') in 0.010771 seconds 
  Import took 0.024221 seconds .

========================================================================
Received Import Request.
  Time since last request: 0.000468 seconds.
  path: Assets/Assets/Sprites/UI/UI_Health Frame.png
  artifactKey: Guid(d6094a2cb21caa94298f01c258bd2c8f) Importer(815301076,1909f56bfc062723c751e8b465ee728b)
Start importing Assets/Assets/Sprites/UI/UI_Health Frame.png using Guid(d6094a2cb21caa94298f01c258bd2c8f) Importer(815301076,1909f56bfc062723c751e8b465ee728b)  -> (artifact id: '0c84e56545142b1d2c98f55a6ef5ce84') in 0.020500 seconds 
  Import took 0.023345 seconds .

========================================================================
Received Import Request.
  Time since last request: 0.000463 seconds.
  path: Assets/Assets/Sprites/UI/UI_Heart.png
  artifactKey: Guid(1c9e2daddcbf7e84ebb690e76c029679) Importer(815301076,1909f56bfc062723c751e8b465ee728b)
Start importing Assets/Assets/Sprites/UI/UI_Heart.png using Guid(1c9e2daddcbf7e84ebb690e76c029679) Importer(815301076,1909f56bfc062723c751e8b465ee728b)  -> (artifact id: 'f2e87819a4cf67daf701c4ebad5cbebf') in 0.009707 seconds 
  Import took 0.012712 seconds .

========================================================================
Received Import Request.
  Time since last request: 484.996825 seconds.
  path: Assets/Assets/Sprites/UI/UI_Space Rabbit Avatar.png
  artifactKey: Guid(d5c5a20e634fd674b9b346e83e26b924) Importer(815301076,1909f56bfc062723c751e8b465ee728b)
Start importing Assets/Assets/Sprites/UI/UI_Space Rabbit Avatar.png using Guid(d5c5a20e634fd674b9b346e83e26b924) Importer(815301076,1909f56bfc062723c751e8b465ee728b)  -> (artifact id: '19091066172f069c5165baa120e8909b') in 0.024063 seconds 
  Import took 0.046697 seconds .

========================================================================
Received Import Request.
  Time since last request: 0.000886 seconds.
  path: Assets/Assets/Sprites/UI/UI_Health Border.png
  artifactKey: Guid(078620d1d70a8b741838f87b78effdf7) Importer(815301076,1909f56bfc062723c751e8b465ee728b)
Start importing Assets/Assets/Sprites/UI/UI_Health Border.png using Guid(078620d1d70a8b741838f87b78effdf7) Importer(815301076,1909f56bfc062723c751e8b465ee728b)  -> (artifact id: 'bd84e5fa17c9e92fd5b758e5b5bcb791') in 0.013129 seconds 
  Import took 0.018872 seconds .

========================================================================
Received Import Request.
  Time since last request: 0.000514 seconds.
  path: Assets/Assets/Sprites/UI/UI_Slime Avatar.png
  artifactKey: Guid(e9a6208f86ba6c244b577d75a35a7e72) Importer(815301076,1909f56bfc062723c751e8b465ee728b)
Start importing Assets/Assets/Sprites/UI/UI_Slime Avatar.png using Guid(e9a6208f86ba6c244b577d75a35a7e72) Importer(815301076,1909f56bfc062723c751e8b465ee728b)  -> (artifact id: '7d8776f86aa4118432a0697972402515') in 0.010649 seconds 
  Import took 0.014274 seconds .

========================================================================
Received Import Request.
  Time since last request: 0.000439 seconds.
  path: Assets/Assets/Sprites/UI/UI_Dancer Avatar.png
  artifactKey: Guid(1fa1c8bb3b7cf4946b9a128f72ef96ae) Importer(815301076,1909f56bfc062723c751e8b465ee728b)
Start importing Assets/Assets/Sprites/UI/UI_Dancer Avatar.png using Guid(1fa1c8bb3b7cf4946b9a128f72ef96ae) Importer(815301076,1909f56bfc062723c751e8b465ee728b)  -> (artifact id: '5d43157068276558c7d4bffefb489d21') in 0.010807 seconds 
  Import took 0.014573 seconds .

========================================================================
Received Import Request.
  Time since last request: 0.000398 seconds.
  path: Assets/Assets/Sprites/UI/UI_Health Frame.png
  artifactKey: Guid(d6094a2cb21caa94298f01c258bd2c8f) Importer(815301076,1909f56bfc062723c751e8b465ee728b)
Start importing Assets/Assets/Sprites/UI/UI_Health Frame.png using Guid(d6094a2cb21caa94298f01c258bd2c8f) Importer(815301076,1909f56bfc062723c751e8b465ee728b)  -> (artifact id: 'c86697965f05e8d02c5a0899b47605a7') in 0.032882 seconds 
  Import took 0.080528 seconds .

AssetImportWorkerClient::OnTransportError - code=2 error=End of file
